Client: Setting serializers...
Client: Setting asset loaders...
Client: Loading common assets...
Client: Disposing scene...
Client: Disposing stage...
Client: Saving cvars...
GdxCvarManager: Client.Console.Font saved as default.fnt [java.lang.String]
GdxCvarManager: Client.Console.Prefix saved as > [java.lang.String]
GdxCvarManager: Client.Locale saved as en_US [java.util.Locale]
GdxCvarManager: Client.Render.ShowFPS saved as 0 [java.lang.Byte]
GdxCvarManager: Client.Sound.Effects.Volume saved as 1.0 [java.lang.Float]
GdxCvarManager: Client.Sound.Enabled saved as true [java.lang.Boolean]
GdxCvarManager: Client.Sound.Environment.Volume saved as 1.0 [java.lang.Float]
GdxCvarManager: Client.Sound.Music.Enabled saved as true [java.lang.Boolean]
GdxCvarManager: Client.Sound.Music.Volume saved as 1.0 [java.lang.Float]
GdxCvarManager: Client.Sound.Voice.Volume saved as 1.0 [java.lang.Float]
GdxCvarManager: Client.Windowed saved as false [java.lang.Boolean]
Client: Disposing cvar manager...
Client: Saving key bindings...
Client: Disposing key manager...
Client: Disposing command manager...
Client: Resetting stdout...
